<?xml version="1.0" encoding="UTF-8"?>
<testsuite name="Regression Test"
           tests="3"
           failures="0"
           errors="0"
           skipped="0"
           time="2.781">
  <properties />
  
  
            <testcase name="UserShouldLoginSuccessfullyWithValidCredentials" time="0.824" classname="com.herokuapp.testsuite.LoginPageTest" />
                <testcase name="verifyThePasswordErrorMessage" time="0.907" classname="com.herokuapp.testsuite.LoginPageTest" />
                <testcase name="verifyTheUsernameErrorMessage" time="1.050" classname="com.herokuapp.testsuite.LoginPageTest" />
      
</testsuite>
